[0.008s] Invoking command in '/home/conso/dev_ws/build/my_package': CMAKE_PREFIX_PATH=/opt/ros/humble /usr/bin/cmake /home/conso/dev_ws/src/my_package -DAMENT_CMAKE_SYMLINK_INSTALL=1 -DCMAKE_INSTALL_PREFIX=/home/conso/dev_ws/install/my_package
[0.098s] -- The C compiler identification is GNU 11.4.0
[0.167s] -- The CXX compiler identification is GNU 11.4.0
[0.175s] -- Detecting C compiler ABI info
[0.227s] -- Detecting C compiler ABI info - done
[0.233s] -- Check for working C compiler: /usr/bin/cc - skipped
[0.233s] -- Detecting C compile features
[0.234s] -- Detecting C compile features - done
[0.237s] -- Detecting CXX compiler ABI info
[0.294s] -- Detecting CXX compiler ABI info - done
[0.299s] -- Check for working CXX compiler: /usr/bin/c++ - skipped
[0.300s] -- Detecting CXX compile features
[0.300s] -- Detecting CXX compile features - done
[0.309s] -- Found ament_cmake: 1.3.10 (/opt/ros/humble/share/ament_cmake/cmake)
[0.422s] -- Found Python3: /usr/bin/python3 (found version "3.10.12") found components: Interpreter 
[0.471s] -- Override CMake install command with custom implementation using symlinks instead of copying resources
[0.496s] -- Found ament_lint_auto: 0.12.11 (/opt/ros/humble/share/ament_lint_auto/cmake)
[0.556s] -- Added test 'lint_cmake' to check CMake code style
[0.556s] -- Added test 'xmllint' to check XML markup files
[0.558s] -- Configuring done
[0.560s] -- Generating done
[0.561s] -- Build files have been written to: /home/conso/dev_ws/build/my_package
[0.565s] Invoked command in '/home/conso/dev_ws/build/my_package' returned '0': CMAKE_PREFIX_PATH=/opt/ros/humble /usr/bin/cmake /home/conso/dev_ws/src/my_package -DAMENT_CMAKE_SYMLINK_INSTALL=1 -DCMAKE_INSTALL_PREFIX=/home/conso/dev_ws/install/my_package
[0.566s] Invoking command in '/home/conso/dev_ws/build/my_package': CMAKE_PREFIX_PATH=/opt/ros/humble /usr/bin/cmake --build /home/conso/dev_ws/build/my_package -- -j8 -l8
[0.594s] Invoked command in '/home/conso/dev_ws/build/my_package' returned '0': CMAKE_PREFIX_PATH=/opt/ros/humble /usr/bin/cmake --build /home/conso/dev_ws/build/my_package -- -j8 -l8
[0.627s] Invoking command in '/home/conso/dev_ws/build/my_package': CMAKE_PREFIX_PATH=/opt/ros/humble /usr/bin/cmake --install /home/conso/dev_ws/build/my_package
[0.632s] -- Install configuration: ""
[0.633s] -- Execute custom install script
[0.633s] -- Symlinking: /home/conso/dev_ws/install/my_package/share/ament_index/resource_index/package_run_dependencies/my_package
[0.640s] -- Symlinking: /home/conso/dev_ws/install/my_package/share/ament_index/resource_index/parent_prefix_path/my_package
[0.646s] -- Symlinking: /home/conso/dev_ws/install/my_package/share/my_package/environment/ament_prefix_path.sh
[0.653s] -- Symlinking: /home/conso/dev_ws/install/my_package/share/my_package/environment/ament_prefix_path.dsv
[0.659s] -- Symlinking: /home/conso/dev_ws/install/my_package/share/my_package/environment/path.sh
[0.665s] -- Symlinking: /home/conso/dev_ws/install/my_package/share/my_package/environment/path.dsv
[0.671s] -- Symlinking: /home/conso/dev_ws/install/my_package/share/my_package/local_setup.bash
[0.677s] -- Symlinking: /home/conso/dev_ws/install/my_package/share/my_package/local_setup.sh
[0.684s] -- Symlinking: /home/conso/dev_ws/install/my_package/share/my_package/local_setup.zsh
[0.690s] -- Symlinking: /home/conso/dev_ws/install/my_package/share/my_package/local_setup.dsv
[0.697s] -- Symlinking: /home/conso/dev_ws/install/my_package/share/my_package/package.dsv
[0.703s] -- Symlinking: /home/conso/dev_ws/install/my_package/share/ament_index/resource_index/packages/my_package
[0.710s] -- Symlinking: /home/conso/dev_ws/install/my_package/share/my_package/cmake/my_packageConfig.cmake
[0.716s] -- Symlinking: /home/conso/dev_ws/install/my_package/share/my_package/cmake/my_packageConfig-version.cmake
[0.722s] -- Symlinking: /home/conso/dev_ws/install/my_package/share/my_package/package.xml
[0.730s] Invoked command in '/home/conso/dev_ws/build/my_package' returned '0': CMAKE_PREFIX_PATH=/opt/ros/humble /usr/bin/cmake --install /home/conso/dev_ws/build/my_package
