[0.008s] Invoking command in '/home/conso/dev_ws/build/my_package': CMAKE_PREFIX_PATH=/opt/ros/humble /usr/bin/cmake --build /home/conso/dev_ws/build/my_package -- -j8 -l8
[0.024s] -- Found ament_cmake: 1.3.10 (/opt/ros/humble/share/ament_cmake/cmake)
[0.107s] -- Override CMake install command with custom implementation using symlinks instead of copying resources
[0.111s] -- Found ament_lint_auto: 0.12.11 (/opt/ros/humble/share/ament_lint_auto/cmake)
[0.161s] -- Added test 'flake8' to check Python code syntax and style conventions
[0.162s] -- Added test 'lint_cmake' to check CMake code style
[0.162s] -- Added test 'pep257' to check Python code against some of the docstring style conventions in PEP 257
[0.162s] -- Added test 'xmllint' to check XML markup files
[0.163s] -- Configuring done
[0.164s] -- Generating done
[0.165s] -- Build files have been written to: /home/conso/dev_ws/build/my_package
[0.181s] Invoked command in '/home/conso/dev_ws/build/my_package' returned '0': CMAKE_PREFIX_PATH=/opt/ros/humble /usr/bin/cmake --build /home/conso/dev_ws/build/my_package -- -j8 -l8
[0.202s] Invoking command in '/home/conso/dev_ws/build/my_package': CMAKE_PREFIX_PATH=/opt/ros/humble /usr/bin/cmake --install /home/conso/dev_ws/build/my_package
[0.207s] -- Install configuration: ""
[0.208s] -- Execute custom install script
[0.208s] -- Symlinking: /home/conso/dev_ws/install/my_package/share/my_package/launch/listener.launch.py
[0.214s] -- Symlinking: /home/conso/dev_ws/install/my_package/share/my_package/launch/talker.launch.py
[0.220s] -- Up-to-date symlink: /home/conso/dev_ws/install/my_package/share/ament_index/resource_index/package_run_dependencies/my_package
[0.220s] -- Up-to-date symlink: /home/conso/dev_ws/install/my_package/share/ament_index/resource_index/parent_prefix_path/my_package
[0.220s] -- Up-to-date symlink: /home/conso/dev_ws/install/my_package/share/my_package/environment/ament_prefix_path.sh
[0.220s] -- Up-to-date symlink: /home/conso/dev_ws/install/my_package/share/my_package/environment/ament_prefix_path.dsv
[0.220s] -- Up-to-date symlink: /home/conso/dev_ws/install/my_package/share/my_package/environment/path.sh
[0.221s] -- Up-to-date symlink: /home/conso/dev_ws/install/my_package/share/my_package/environment/path.dsv
[0.221s] -- Up-to-date symlink: /home/conso/dev_ws/install/my_package/share/my_package/local_setup.bash
[0.221s] -- Up-to-date symlink: /home/conso/dev_ws/install/my_package/share/my_package/local_setup.sh
[0.221s] -- Up-to-date symlink: /home/conso/dev_ws/install/my_package/share/my_package/local_setup.zsh
[0.221s] -- Up-to-date symlink: /home/conso/dev_ws/install/my_package/share/my_package/local_setup.dsv
[0.221s] -- Symlinking: /home/conso/dev_ws/install/my_package/share/my_package/package.dsv
[0.228s] -- Up-to-date symlink: /home/conso/dev_ws/install/my_package/share/ament_index/resource_index/packages/my_package
[0.228s] -- Up-to-date symlink: /home/conso/dev_ws/install/my_package/share/my_package/cmake/my_packageConfig.cmake
[0.228s] -- Up-to-date symlink: /home/conso/dev_ws/install/my_package/share/my_package/cmake/my_packageConfig-version.cmake
[0.228s] -- Up-to-date symlink: /home/conso/dev_ws/install/my_package/share/my_package/package.xml
[0.230s] Invoked command in '/home/conso/dev_ws/build/my_package' returned '0': CMAKE_PREFIX_PATH=/opt/ros/humble /usr/bin/cmake --install /home/conso/dev_ws/build/my_package
